DEBUG:PIL.PngImagePlugin:STREAM IHDR 16 13
DEBUG:PIL.PngImagePlugin:STREAM pHYs 41 9
DEBUG:PIL.PngImagePlugin:STREAM iCCP 62 2639
DEBUG:PIL.PngImagePlugin:iCCP profile name Photoshop ICC profile
DEBUG:PIL.PngImagePlugin:Compression method 0
DEBUG:PIL.PngImagePlugin:STREAM cHRM 2713 32
DEBUG:PIL.PngImagePlugin:cHRM 2713 32 (unknown)
DEBUG:PIL.PngImagePlugin:STREAM IDAT 2757 10146
DEBUG:PIL.PngImagePlugin:STREAM IHDR 16 13
DEBUG:PIL.PngImagePlugin:STREAM pHYs 41 9
DEBUG:PIL.PngImagePlugin:STREAM iCCP 62 2639
DEBUG:PIL.PngImagePlugin:iCCP profile name Photoshop ICC profile
DEBUG:PIL.PngImagePlugin:Compression method 0
DEBUG:PIL.PngImagePlugin:STREAM cHRM 2713 32
DEBUG:PIL.PngImagePlugin:cHRM 2713 32 (unknown)
DEBUG:PIL.PngImagePlugin:STREAM IDAT 2757 10146
DEBUG:PIL.PngImagePlugin:STREAM IHDR 16 13
DEBUG:PIL.PngImagePlugin:STREAM pHYs 41 9
DEBUG:PIL.PngImagePlugin:STREAM iCCP 62 2639
DEBUG:PIL.PngImagePlugin:iCCP profile name Photoshop ICC profile
DEBUG:PIL.PngImagePlugin:Compression method 0
DEBUG:PIL.PngImagePlugin:STREAM cHRM 2713 32
DEBUG:PIL.PngImagePlugin:cHRM 2713 32 (unknown)
DEBUG:PIL.PngImagePlugin:STREAM IDAT 2757 10146
